


Jan 20 10:54:53 Installed: compat-readline5-5.2-17.1.el6.x86_64
Jan 20 10:54:59 Installed: ruby-libs-1.8.7.374-3.el6_6.x86_64
Jan 20 10:55:00 Installed: ruby-1.8.7.374-3.el6_6.x86_64
Jan 20 10:56:47 Installed: python-psutil-0.6.1-1.el6.x86_64
Jan 20 10:56:48 Installed: python-setuptools-0.6.10-3.el6.noarch
Jan 20 10:56:50 Installed: glances-1.7.4-1.el6.noarch
Jan 20 11:03:59 Updated: libcom_err-1.41.12-21.el6.x86_64
Jan 20 11:03:59 Updated: libselinux-2.0.94-5.8.el6.x86_64
Jan 20 11:04:01 Updated: cyrus-sasl-lib-2.1.23-15.el6_6.1.x86_64
Jan 20 11:04:02 Updated: openldap-2.4.39-8.el6.x86_64
Jan 20 11:04:03 Updated: keyutils-libs-1.4-5.el6.x86_64
Jan 20 11:04:04 Updated: krb5-libs-1.10.3-33.el6.x86_64
Jan 20 11:04:06 Updated: openssl-1.0.1e-30.el6_6.4.x86_64
Jan 20 11:04:07 Updated: libcurl-7.19.7-40.el6_6.3.x86_64
Jan 20 11:04:08 Updated: libss-1.41.12-21.el6.x86_64
Jan 20 11:04:09 Installed: apr-devel-1.3.9-5.el6_2.x86_64
Jan 20 11:04:10 Updated: libgcc-4.4.7-11.el6.x86_64
Jan 20 11:04:11 Installed: ppl-0.10.2-11.el6.x86_64
Jan 20 11:04:12 Installed: cloog-ppl-0.15.7-1.2.el6.x86_64
Jan 20 11:04:14 Updated: cyrus-sasl-2.1.23-15.el6_6.1.x86_64
Jan 20 11:04:16 Installed: cyrus-sasl-devel-2.1.23-15.el6_6.1.x86_64
Jan 20 11:04:18 Installed: openldap-devel-2.4.39-8.el6.x86_64
Jan 20 11:04:19 Updated: httpd-tools-2.2.15-39.el6.centos.x86_64
Jan 20 11:04:22 Updated: httpd-2.2.15-39.el6.centos.x86_64
Jan 20 11:04:22 Installed: keyutils-libs-devel-1.4-5.el6.x86_64
Jan 20 11:04:23 Updated: e2fsprogs-libs-1.41.12-21.el6.x86_64
Jan 20 11:04:25 Installed: libcom_err-devel-1.41.12-21.el6.x86_64
Jan 20 11:04:26 Installed: libidn-devel-1.18-2.el6.x86_64
Jan 20 11:04:27 Installed: zlib-devel-1.2.3-29.el6.x86_64
Jan 20 11:04:28 Installed: expat-devel-2.0.1-11.el6_2.x86_64
Jan 20 11:04:29 Installed: apr-util-devel-1.3.9-3.el6_0.1.x86_64
Jan 20 11:04:31 Installed: autoconf-2.63-5.1.el6.noarch
Jan 20 11:04:35 Installed: automake-1.11.1-4.el6.noarch
Jan 20 11:04:36 Updated: libgomp-4.4.7-11.el6.x86_64
Jan 20 11:04:37 Installed: mpfr-2.4.1-6.el6.x86_64
Jan 20 11:04:39 Installed: cpp-4.4.7-11.el6.x86_64
Jan 20 11:04:40 Installed: libsepol-devel-2.0.41-4.el6.x86_64
Jan 20 11:04:41 Updated: libcom_err-1.41.12-21.el6.i686
Jan 20 11:04:42 Installed: libselinux-devel-2.0.94-5.8.el6.x86_64
Jan 20 11:04:45 Installed: krb5-devel-1.10.3-33.el6.x86_64
Jan 20 11:04:45 Updated: keyutils-libs-1.4-5.el6.i686
Jan 20 11:04:47 Updated: libselinux-2.0.94-5.8.el6.i686
Jan 20 11:04:49 Installed: openssl-devel-1.0.1e-30.el6_6.4.x86_64
Jan 20 11:04:52 Installed: gcc-4.4.7-11.el6.x86_64
Jan 20 11:04:54 Installed: libcurl-devel-7.19.7-40.el6_6.3.x86_64
Jan 20 11:04:55 Installed: httpd-devel-2.2.15-39.el6.centos.x86_64
Jan 20 11:04:57 Updated: e2fsprogs-1.41.12-21.el6.x86_64
Jan 20 11:04:59 Updated: 1:mod_ssl-2.2.15-39.el6.centos.x86_64
Jan 20 11:05:00 Updated: krb5-workstation-1.10.3-33.el6.x86_64
Jan 20 11:05:02 Updated: curl-7.19.7-40.el6_6.3.x86_64
Jan 20 11:05:04 Updated: cyrus-sasl-md5-2.1.23-15.el6_6.1.x86_64
Jan 20 11:05:05 Updated: cyrus-sasl-gssapi-2.1.23-15.el6_6.1.x86_64
Jan 20 11:05:06 Updated: keyutils-1.4-5.el6.x86_64
Jan 20 11:05:07 Updated: cyrus-sasl-plain-2.1.23-15.el6_6.1.x86_64
Jan 20 11:05:11 Updated: libselinux-utils-2.0.94-5.8.el6.x86_64
Jan 20 11:05:12 Updated: libselinux-python-2.0.94-5.8.el6.x86_64
Jan 20 11:05:12 Installed: sqlite-devel-3.6.20-1.el6.x86_64
Jan 20 11:05:14 Updated: krb5-libs-1.10.3-33.el6.i686
Jan 20 11:05:16 Updated: openssl-1.0.1e-30.el6_6.4.i686
Jan 20 11:05:17 Updated: libgcc-4.4.7-11.el6.i686
Jan 20 11:07:23 Installed: ruby-irb-1.8.7.374-3.el6_6.x86_64
Jan 20 11:07:24 Installed: ruby-rdoc-1.8.7.374-3.el6_6.x86_64
Jan 20 11:07:25 Installed: ruby-devel-1.8.7.374-3.el6_6.x86_64
Jan 20 11:07:47 Installed: rubygems-1.3.7-5.el6.noarch
Jan 20 11:31:55 Updated: libstdc++-4.4.7-11.el6.x86_64
Jan 20 11:31:58 Installed: libstdc++-devel-4.4.7-11.el6.x86_64
Jan 20 11:32:01 Installed: ncurses-devel-5.7-3.20090208.el6.x86_64
Jan 20 11:32:01 Installed: libyaml-0.1.3-1.4.el6.x86_64
Jan 20 11:32:02 Installed: libyaml-devel-0.1.3-1.4.el6.x86_64
Jan 20 11:32:03 Installed: readline-devel-6.0-4.el6.x86_64
Jan 20 11:32:04 Installed: gcc-c++-4.4.7-11.el6.x86_64
Jan 20 11:32:06 Installed: libtool-2.2.6-15.5.el6.x86_64
Jan 20 11:32:08 Installed: libffi-devel-3.0.5-3.2.el6.x86_64
Jan 20 11:32:10 Installed: bison-2.4.1-5.el6.x86_64
Jan 20 11:32:11 Updated: libstdc++-4.4.7-11.el6.i686
Jan 20 12:19:33 Installed: c-ares19-1.9.1-5.el6.3.x86_64
Jan 20 12:19:34 Installed: 1:libuv-0.10.29-1.el6.x86_64
Jan 20 12:19:36 Installed: 1:v8-3.14.5.10-14.el6.x86_64
Jan 20 12:19:37 Installed: http-parser-2.0-4.20121128gitcd01361.el6.x86_64
Jan 20 12:19:40 Installed: nodejs-0.10.33-1.el6.x86_64
Jan 22 17:33:44 Erased: rubygems
Jan 22 17:33:46 Erased: ruby-rdoc
Jan 22 17:33:47 Erased: ruby-irb
Jan 22 17:33:49 Erased: ruby
Jan 22 17:43:38 Installed: 1:perl-Error-0.17015-4.el6.noarch
Jan 22 17:43:38 Installed: perl-Git-1.7.1-3.el6_4.1.noarch
Jan 22 17:43:44 Installed: git-1.7.1-3.el6_4.1.x86_64
Feb 25 19:09:24 Updated: libcurl-7.19.7-40.el6_6.4.x86_64
Feb 25 19:09:25 Updated: curl-7.19.7-40.el6_6.4.x86_64
Feb 25 19:09:27 Updated: libcurl-devel-7.19.7-40.el6_6.4.x86_64
